2023-08-03 17:16:58,648 INFO o.a.j.u.JMeterUtils: Setting Locale to en_EN
2023-08-03 17:16:58,672 INFO o.a.j.JMeter: Loading user properties from: user.properties
2023-08-03 17:16:58,673 INFO o.a.j.JMeter: Loading system properties from: system.properties
2023-08-03 17:16:58,680 INFO o.a.j.JMeter: Copyright (c) 1998-2023 The Apache Software Foundation
2023-08-03 17:16:58,681 INFO o.a.j.JMeter: Version 5.6.2
2023-08-03 17:16:58,681 INFO o.a.j.JMeter: java.version=17.0.7
2023-08-03 17:16:58,681 INFO o.a.j.JMeter: java.vm.name=Java HotSpot(TM) 64-Bit Server VM
2023-08-03 17:16:58,681 INFO o.a.j.JMeter: os.name=Windows 10
2023-08-03 17:16:58,681 INFO o.a.j.JMeter: os.arch=amd64
2023-08-03 17:16:58,681 INFO o.a.j.JMeter: os.version=10.0
2023-08-03 17:16:58,681 INFO o.a.j.JMeter: file.encoding=Cp1252
2023-08-03 17:16:58,682 INFO o.a.j.JMeter: java.awt.headless=null
2023-08-03 17:16:58,682 INFO o.a.j.JMeter: Max memory     =1073741824
2023-08-03 17:16:58,682 INFO o.a.j.JMeter: Available Processors =8
2023-08-03 17:16:58,698 INFO o.a.j.JMeter: Default Locale=English (EN)
2023-08-03 17:16:58,698 INFO o.a.j.JMeter: JMeter  Locale=English (EN)
2023-08-03 17:16:58,699 INFO o.a.j.JMeter: JMeterHome=C:\Users\aymane\Documents\microservices\apache-jmeter-5.6.2
2023-08-03 17:16:58,699 INFO o.a.j.JMeter: user.dir  =C:\Users\aymane\Documents\microservices\apache-jmeter-5.6.2\bin
2023-08-03 17:16:58,700 INFO o.a.j.JMeter: PWD       =C:\Users\aymane\Documents\microservices\apache-jmeter-5.6.2\bin
2023-08-03 17:16:58,701 INFO o.a.j.JMeter: IP: 192.168.0.104 Name: DESKTOP-JJTFFCK FullName: DESKTOP-JJTFFCK
2023-08-03 17:16:58,717 INFO o.a.j.JMeter: Loaded icon properties from org/apache/jmeter/images/icon.properties
2023-08-03 17:16:58,889 INFO o.a.j.JMeterGuiLauncher: Setting LAF to: com.github.weisj.darklaf.DarkLaf:com.github.weisj.darklaf.theme.DarculaTheme
2023-08-03 17:21:53,577 INFO o.a.j.p.h.s.HTTPSamplerBase: Parser for text/html is org.apache.jmeter.protocol.http.parser.LagartoBasedHtmlParser
2023-08-03 17:21:53,577 INFO o.a.j.p.h.s.HTTPSamplerBase: Parser for application/xhtml+xml is org.apache.jmeter.protocol.http.parser.LagartoBasedHtmlParser
2023-08-03 17:21:53,577 INFO o.a.j.p.h.s.HTTPSamplerBase: Parser for application/xml is org.apache.jmeter.protocol.http.parser.LagartoBasedHtmlParser
2023-08-03 17:21:53,577 INFO o.a.j.p.h.s.HTTPSamplerBase: Parser for text/xml is org.apache.jmeter.protocol.http.parser.LagartoBasedHtmlParser
2023-08-03 17:21:53,577 INFO o.a.j.p.h.s.HTTPSamplerBase: Parser for text/vnd.wap.wml is org.apache.jmeter.protocol.http.parser.RegexpHTMLParser
2023-08-03 17:21:53,577 INFO o.a.j.p.h.s.HTTPSamplerBase: Parser for text/css is org.apache.jmeter.protocol.http.parser.CssParser
2023-08-03 17:23:41,844 INFO o.a.j.s.SampleResult: Note: Sample TimeStamps are START times
2023-08-03 17:23:41,844 INFO o.a.j.s.SampleResult: sampleresult.default.encoding is set to UTF-8
2023-08-03 17:23:41,844 INFO o.a.j.s.SampleResult: sampleresult.useNanoTime=true
2023-08-03 17:23:41,844 INFO o.a.j.s.SampleResult: sampleresult.nanoThreadSleep=5000
2023-08-03 17:28:02,457 INFO o.a.j.s.FileServer: Default base='C:\Users\aymane\Documents\microservices\apache-jmeter-5.6.2\bin'
2023-08-03 17:28:02,458 INFO o.a.j.s.FileServer: Set new base='C:\Users\aymane\Documents\microservices\apache-jmeter-5.6.2\bin'
2023-08-03 17:28:02,655 INFO o.a.j.s.SaveService: Testplan (JMX) version: 2.2. Testlog (JTL) version: 2.2
2023-08-03 17:28:02,682 INFO o.a.j.s.SaveService: Using SaveService properties version 5.0
2023-08-03 17:28:02,685 INFO o.a.j.s.SaveService: Using SaveService properties file encoding UTF-8
2023-08-03 17:28:02,720 INFO o.a.j.e.StandardJMeterEngine: Running the test!
2023-08-03 17:28:02,721 INFO o.a.j.s.SampleEvent: List of sample_variables: []
2023-08-03 17:28:02,721 INFO o.a.j.s.SampleEvent: List of sample_variables: []
2023-08-03 17:28:02,723 INFO o.a.j.e.u.CompoundVariable: Note: Function class names must contain the string: '.functions.'
2023-08-03 17:28:02,723 INFO o.a.j.e.u.CompoundVariable: Note: Function class names must not contain the string: '.gui.'
2023-08-03 17:28:02,796 INFO o.a.j.g.u.JMeterMenuBar: setRunning(true, *local*)
2023-08-03 17:28:02,830 INFO o.a.j.e.StandardJMeterEngine: Starting ThreadGroup: 1 : Thread Group
2023-08-03 17:28:02,830 INFO o.a.j.e.StandardJMeterEngine: Starting 15 threads for group Thread Group.
2023-08-03 17:28:02,830 INFO o.a.j.e.StandardJMeterEngine: Thread will continue on error
2023-08-03 17:28:02,830 INFO o.a.j.t.ThreadGroup: Starting thread group... number=1 threads=15 ramp-up=1 delayedStart=false
2023-08-03 17:28:02,834 INFO o.a.j.t.JMeterThread: Thread started: Thread Group 1-1
2023-08-03 17:28:02,844 INFO o.a.j.t.ThreadGroup: Started thread group number 1
2023-08-03 17:28:02,845 INFO o.a.j.e.StandardJMeterEngine: All thread groups have been started
2023-08-03 17:28:02,852 INFO o.a.j.p.h.s.HTTPHCAbstractImpl: Local host = DESKTOP-JJTFFCK
2023-08-03 17:28:02,860 INFO o.a.j.p.h.s.HTTPHC4Impl: HTTP request retry count = 0
2023-08-03 17:28:02,902 INFO o.a.j.t.JMeterThread: Thread started: Thread Group 1-2
2023-08-03 17:28:02,968 INFO o.a.j.t.JMeterThread: Thread started: Thread Group 1-3
2023-08-03 17:28:03,034 INFO o.a.j.t.JMeterThread: Thread started: Thread Group 1-4
2023-08-03 17:28:03,101 INFO o.a.j.t.JMeterThread: Thread started: Thread Group 1-5
2023-08-03 17:28:03,169 INFO o.a.j.t.JMeterThread: Thread started: Thread Group 1-6
2023-08-03 17:28:03,237 INFO o.a.j.t.JMeterThread: Thread started: Thread Group 1-7
2023-08-03 17:28:03,303 INFO o.a.j.t.JMeterThread: Thread started: Thread Group 1-8
2023-08-03 17:28:03,372 INFO o.a.j.t.JMeterThread: Thread started: Thread Group 1-9
2023-08-03 17:28:03,436 INFO o.a.j.t.JMeterThread: Thread started: Thread Group 1-10
2023-08-03 17:28:03,505 INFO o.a.j.t.JMeterThread: Thread started: Thread Group 1-11
2023-08-03 17:28:03,570 INFO o.a.j.t.JMeterThread: Thread started: Thread Group 1-12
2023-08-03 17:28:03,639 INFO o.a.j.t.JMeterThread: Thread started: Thread Group 1-13
2023-08-03 17:28:03,708 INFO o.a.j.t.JMeterThread: Thread started: Thread Group 1-14
2023-08-03 17:28:03,772 INFO o.a.j.t.JMeterThread: Thread started: Thread Group 1-15
2023-08-03 17:28:04,029 INFO o.a.j.t.JMeterThread: Thread is done: Thread Group 1-1
2023-08-03 17:28:04,029 INFO o.a.j.t.JMeterThread: Thread is done: Thread Group 1-3
2023-08-03 17:28:04,029 INFO o.a.j.t.JMeterThread: Thread finished: Thread Group 1-1
2023-08-03 17:28:04,029 INFO o.a.j.t.JMeterThread: Thread finished: Thread Group 1-3
2023-08-03 17:28:04,032 INFO o.a.j.t.JMeterThread: Thread is done: Thread Group 1-2
2023-08-03 17:28:04,032 INFO o.a.j.t.JMeterThread: Thread finished: Thread Group 1-2
2023-08-03 17:28:04,063 INFO o.a.j.t.JMeterThread: Thread is done: Thread Group 1-4
2023-08-03 17:28:04,063 INFO o.a.j.t.JMeterThread: Thread finished: Thread Group 1-4
2023-08-03 17:28:04,127 INFO o.a.j.t.JMeterThread: Thread is done: Thread Group 1-5
2023-08-03 17:28:04,127 INFO o.a.j.t.JMeterThread: Thread finished: Thread Group 1-5
2023-08-03 17:28:04,203 INFO o.a.j.t.JMeterThread: Thread is done: Thread Group 1-6
2023-08-03 17:28:04,204 INFO o.a.j.t.JMeterThread: Thread finished: Thread Group 1-6
2023-08-03 17:28:04,282 INFO o.a.j.t.JMeterThread: Thread is done: Thread Group 1-7
2023-08-03 17:28:04,282 INFO o.a.j.t.JMeterThread: Thread finished: Thread Group 1-7
2023-08-03 17:28:04,335 INFO o.a.j.t.JMeterThread: Thread is done: Thread Group 1-8
2023-08-03 17:28:04,336 INFO o.a.j.t.JMeterThread: Thread finished: Thread Group 1-8
2023-08-03 17:28:04,409 INFO o.a.j.t.JMeterThread: Thread is done: Thread Group 1-9
2023-08-03 17:28:04,409 INFO o.a.j.t.JMeterThread: Thread finished: Thread Group 1-9
2023-08-03 17:28:04,475 INFO o.a.j.t.JMeterThread: Thread is done: Thread Group 1-10
2023-08-03 17:28:04,475 INFO o.a.j.t.JMeterThread: Thread finished: Thread Group 1-10
2023-08-03 17:28:05,057 INFO o.a.j.t.JMeterThread: Thread is done: Thread Group 1-12
2023-08-03 17:28:05,057 INFO o.a.j.t.JMeterThread: Thread is done: Thread Group 1-11
2023-08-03 17:28:05,057 INFO o.a.j.t.JMeterThread: Thread finished: Thread Group 1-12
2023-08-03 17:28:05,057 INFO o.a.j.t.JMeterThread: Thread finished: Thread Group 1-11
2023-08-03 17:28:05,075 INFO o.a.j.t.JMeterThread: Thread is done: Thread Group 1-13
2023-08-03 17:28:05,075 INFO o.a.j.t.JMeterThread: Thread finished: Thread Group 1-13
2023-08-03 17:28:05,102 INFO o.a.j.t.JMeterThread: Thread is done: Thread Group 1-14
2023-08-03 17:28:05,103 INFO o.a.j.t.JMeterThread: Thread finished: Thread Group 1-14
2023-08-03 17:28:05,149 INFO o.a.j.t.JMeterThread: Thread is done: Thread Group 1-15
2023-08-03 17:28:05,150 INFO o.a.j.t.JMeterThread: Thread finished: Thread Group 1-15
2023-08-03 17:28:05,150 INFO o.a.j.e.StandardJMeterEngine: Notifying test listeners of end of test
2023-08-03 17:28:05,151 INFO o.a.j.g.u.JMeterMenuBar: setRunning(false, *local*)
2023-08-03 17:29:22,640 INFO o.a.j.e.StandardJMeterEngine: Running the test!
2023-08-03 17:29:22,640 INFO o.a.j.s.SampleEvent: List of sample_variables: []
2023-08-03 17:29:22,641 INFO o.a.j.g.u.JMeterMenuBar: setRunning(true, *local*)
2023-08-03 17:29:22,668 INFO o.a.j.e.StandardJMeterEngine: Starting ThreadGroup: 1 : Thread Group
2023-08-03 17:29:22,668 INFO o.a.j.e.StandardJMeterEngine: Starting 15 threads for group Thread Group.
2023-08-03 17:29:22,668 INFO o.a.j.e.StandardJMeterEngine: Thread will continue on error
2023-08-03 17:29:22,668 INFO o.a.j.t.ThreadGroup: Starting thread group... number=1 threads=15 ramp-up=1 delayedStart=false
2023-08-03 17:29:22,669 INFO o.a.j.t.JMeterThread: Thread started: Thread Group 1-1
2023-08-03 17:29:22,673 INFO o.a.j.t.ThreadGroup: Started thread group number 1
2023-08-03 17:29:22,674 INFO o.a.j.e.StandardJMeterEngine: All thread groups have been started
2023-08-03 17:29:22,737 INFO o.a.j.t.JMeterThread: Thread started: Thread Group 1-2
2023-08-03 17:29:22,804 INFO o.a.j.t.JMeterThread: Thread started: Thread Group 1-3
2023-08-03 17:29:22,873 INFO o.a.j.t.JMeterThread: Thread started: Thread Group 1-4
2023-08-03 17:29:22,939 INFO o.a.j.t.JMeterThread: Thread started: Thread Group 1-5
2023-08-03 17:29:23,004 INFO o.a.j.t.JMeterThread: Thread started: Thread Group 1-6
2023-08-03 17:29:23,071 INFO o.a.j.t.JMeterThread: Thread started: Thread Group 1-7
2023-08-03 17:29:23,140 INFO o.a.j.t.JMeterThread: Thread started: Thread Group 1-8
2023-08-03 17:29:23,206 INFO o.a.j.t.JMeterThread: Thread started: Thread Group 1-9
2023-08-03 17:29:23,274 INFO o.a.j.t.JMeterThread: Thread started: Thread Group 1-10
2023-08-03 17:29:23,340 INFO o.a.j.t.JMeterThread: Thread started: Thread Group 1-11
2023-08-03 17:29:23,410 INFO o.a.j.t.JMeterThread: Thread started: Thread Group 1-12
2023-08-03 17:29:23,474 INFO o.a.j.t.JMeterThread: Thread started: Thread Group 1-13
2023-08-03 17:29:23,543 INFO o.a.j.t.JMeterThread: Thread started: Thread Group 1-14
2023-08-03 17:29:23,608 INFO o.a.j.t.JMeterThread: Thread started: Thread Group 1-15
2023-08-03 17:29:23,696 INFO o.a.j.t.JMeterThread: Thread is done: Thread Group 1-1
2023-08-03 17:29:23,696 INFO o.a.j.t.JMeterThread: Thread finished: Thread Group 1-1
2023-08-03 17:29:23,754 INFO o.a.j.t.JMeterThread: Thread is done: Thread Group 1-2
2023-08-03 17:29:23,755 INFO o.a.j.t.JMeterThread: Thread finished: Thread Group 1-2
2023-08-03 17:29:23,834 INFO o.a.j.t.JMeterThread: Thread is done: Thread Group 1-3
2023-08-03 17:29:23,834 INFO o.a.j.t.JMeterThread: Thread finished: Thread Group 1-3
2023-08-03 17:29:23,895 INFO o.a.j.t.JMeterThread: Thread is done: Thread Group 1-4
2023-08-03 17:29:23,895 INFO o.a.j.t.JMeterThread: Thread finished: Thread Group 1-4
2023-08-03 17:29:23,962 INFO o.a.j.t.JMeterThread: Thread is done: Thread Group 1-5
2023-08-03 17:29:23,962 INFO o.a.j.t.JMeterThread: Thread finished: Thread Group 1-5
2023-08-03 17:29:24,038 INFO o.a.j.t.JMeterThread: Thread is done: Thread Group 1-6
2023-08-03 17:29:24,038 INFO o.a.j.t.JMeterThread: Thread finished: Thread Group 1-6
2023-08-03 17:29:24,107 INFO o.a.j.t.JMeterThread: Thread is done: Thread Group 1-7
2023-08-03 17:29:24,108 INFO o.a.j.t.JMeterThread: Thread finished: Thread Group 1-7
2023-08-03 17:29:24,175 INFO o.a.j.t.JMeterThread: Thread is done: Thread Group 1-8
2023-08-03 17:29:24,176 INFO o.a.j.t.JMeterThread: Thread finished: Thread Group 1-8
2023-08-03 17:29:24,239 INFO o.a.j.t.JMeterThread: Thread is done: Thread Group 1-9
2023-08-03 17:29:24,240 INFO o.a.j.t.JMeterThread: Thread finished: Thread Group 1-9
2023-08-03 17:29:24,304 INFO o.a.j.t.JMeterThread: Thread is done: Thread Group 1-10
2023-08-03 17:29:24,304 INFO o.a.j.t.JMeterThread: Thread finished: Thread Group 1-10
2023-08-03 17:29:24,732 INFO o.a.j.t.JMeterThread: Thread is done: Thread Group 1-11
2023-08-03 17:29:24,733 INFO o.a.j.t.JMeterThread: Thread finished: Thread Group 1-11
2023-08-03 17:29:24,794 INFO o.a.j.t.JMeterThread: Thread is done: Thread Group 1-12
2023-08-03 17:29:24,794 INFO o.a.j.t.JMeterThread: Thread finished: Thread Group 1-12
2023-08-03 17:29:24,867 INFO o.a.j.t.JMeterThread: Thread is done: Thread Group 1-13
2023-08-03 17:29:24,867 INFO o.a.j.t.JMeterThread: Thread finished: Thread Group 1-13
2023-08-03 17:29:24,931 INFO o.a.j.t.JMeterThread: Thread is done: Thread Group 1-14
2023-08-03 17:29:24,931 INFO o.a.j.t.JMeterThread: Thread finished: Thread Group 1-14
2023-08-03 17:29:24,994 INFO o.a.j.t.JMeterThread: Thread is done: Thread Group 1-15
2023-08-03 17:29:24,994 INFO o.a.j.t.JMeterThread: Thread finished: Thread Group 1-15
2023-08-03 17:29:24,994 INFO o.a.j.e.StandardJMeterEngine: Notifying test listeners of end of test
2023-08-03 17:29:24,995 INFO o.a.j.g.u.JMeterMenuBar: setRunning(false, *local*)
2023-08-03 17:30:17,160 INFO o.a.j.e.StandardJMeterEngine: Running the test!
2023-08-03 17:30:17,160 INFO o.a.j.s.SampleEvent: List of sample_variables: []
2023-08-03 17:30:17,161 INFO o.a.j.g.u.JMeterMenuBar: setRunning(true, *local*)
2023-08-03 17:30:17,163 INFO o.a.j.e.StandardJMeterEngine: Starting ThreadGroup: 1 : Thread Group
2023-08-03 17:30:17,164 INFO o.a.j.e.StandardJMeterEngine: Starting 15 threads for group Thread Group.
2023-08-03 17:30:17,164 INFO o.a.j.e.StandardJMeterEngine: Thread will continue on error
2023-08-03 17:30:17,164 INFO o.a.j.t.ThreadGroup: Starting thread group... number=1 threads=15 ramp-up=1 delayedStart=false
2023-08-03 17:30:17,165 INFO o.a.j.t.JMeterThread: Thread started: Thread Group 1-1
2023-08-03 17:30:17,169 INFO o.a.j.t.ThreadGroup: Started thread group number 1
2023-08-03 17:30:17,169 INFO o.a.j.e.StandardJMeterEngine: All thread groups have been started
2023-08-03 17:30:17,202 INFO o.a.j.t.JMeterThread: Thread is done: Thread Group 1-1
2023-08-03 17:30:17,202 INFO o.a.j.t.JMeterThread: Thread finished: Thread Group 1-1
2023-08-03 17:30:17,233 INFO o.a.j.t.JMeterThread: Thread started: Thread Group 1-2
2023-08-03 17:30:17,264 INFO o.a.j.t.JMeterThread: Thread is done: Thread Group 1-2
2023-08-03 17:30:17,264 INFO o.a.j.t.JMeterThread: Thread finished: Thread Group 1-2
2023-08-03 17:30:17,302 INFO o.a.j.t.JMeterThread: Thread started: Thread Group 1-3
2023-08-03 17:30:17,344 INFO o.a.j.t.JMeterThread: Thread is done: Thread Group 1-3
2023-08-03 17:30:17,344 INFO o.a.j.t.JMeterThread: Thread finished: Thread Group 1-3
2023-08-03 17:30:17,367 INFO o.a.j.t.JMeterThread: Thread started: Thread Group 1-4
2023-08-03 17:30:17,405 INFO o.a.j.t.JMeterThread: Thread is done: Thread Group 1-4
2023-08-03 17:30:17,405 INFO o.a.j.t.JMeterThread: Thread finished: Thread Group 1-4
2023-08-03 17:30:17,434 INFO o.a.j.t.JMeterThread: Thread started: Thread Group 1-5
2023-08-03 17:30:17,469 INFO o.a.j.t.JMeterThread: Thread is done: Thread Group 1-5
2023-08-03 17:30:17,469 INFO o.a.j.t.JMeterThread: Thread finished: Thread Group 1-5
2023-08-03 17:30:17,503 INFO o.a.j.t.JMeterThread: Thread started: Thread Group 1-6
2023-08-03 17:30:17,532 INFO o.a.j.t.JMeterThread: Thread is done: Thread Group 1-6
2023-08-03 17:30:17,533 INFO o.a.j.t.JMeterThread: Thread finished: Thread Group 1-6
2023-08-03 17:30:17,568 INFO o.a.j.t.JMeterThread: Thread started: Thread Group 1-7
2023-08-03 17:30:17,611 INFO o.a.j.t.JMeterThread: Thread is done: Thread Group 1-7
2023-08-03 17:30:17,611 INFO o.a.j.t.JMeterThread: Thread finished: Thread Group 1-7
2023-08-03 17:30:17,636 INFO o.a.j.t.JMeterThread: Thread started: Thread Group 1-8
2023-08-03 17:30:17,663 INFO o.a.j.t.JMeterThread: Thread is done: Thread Group 1-8
2023-08-03 17:30:17,663 INFO o.a.j.t.JMeterThread: Thread finished: Thread Group 1-8
2023-08-03 17:30:17,702 INFO o.a.j.t.JMeterThread: Thread started: Thread Group 1-9
2023-08-03 17:30:17,741 INFO o.a.j.t.JMeterThread: Thread is done: Thread Group 1-9
2023-08-03 17:30:17,741 INFO o.a.j.t.JMeterThread: Thread finished: Thread Group 1-9
2023-08-03 17:30:17,769 INFO o.a.j.t.JMeterThread: Thread started: Thread Group 1-10
2023-08-03 17:30:17,800 INFO o.a.j.t.JMeterThread: Thread is done: Thread Group 1-10
2023-08-03 17:30:17,800 INFO o.a.j.t.JMeterThread: Thread finished: Thread Group 1-10
2023-08-03 17:30:17,837 INFO o.a.j.t.JMeterThread: Thread started: Thread Group 1-11
2023-08-03 17:30:17,875 INFO o.a.j.t.JMeterThread: Thread is done: Thread Group 1-11
2023-08-03 17:30:17,875 INFO o.a.j.t.JMeterThread: Thread finished: Thread Group 1-11
2023-08-03 17:30:17,904 INFO o.a.j.t.JMeterThread: Thread started: Thread Group 1-12
2023-08-03 17:30:17,930 INFO o.a.j.t.JMeterThread: Thread is done: Thread Group 1-12
2023-08-03 17:30:17,930 INFO o.a.j.t.JMeterThread: Thread finished: Thread Group 1-12
2023-08-03 17:30:17,971 INFO o.a.j.t.JMeterThread: Thread started: Thread Group 1-13
2023-08-03 17:30:17,996 INFO o.a.j.t.JMeterThread: Thread is done: Thread Group 1-13
2023-08-03 17:30:17,996 INFO o.a.j.t.JMeterThread: Thread finished: Thread Group 1-13
2023-08-03 17:30:18,037 INFO o.a.j.t.JMeterThread: Thread started: Thread Group 1-14
2023-08-03 17:30:18,086 INFO o.a.j.t.JMeterThread: Thread is done: Thread Group 1-14
2023-08-03 17:30:18,086 INFO o.a.j.t.JMeterThread: Thread finished: Thread Group 1-14
2023-08-03 17:30:18,103 INFO o.a.j.t.JMeterThread: Thread started: Thread Group 1-15
2023-08-03 17:30:18,128 INFO o.a.j.t.JMeterThread: Thread is done: Thread Group 1-15
2023-08-03 17:30:18,129 INFO o.a.j.t.JMeterThread: Thread finished: Thread Group 1-15
2023-08-03 17:30:18,129 INFO o.a.j.e.StandardJMeterEngine: Notifying test listeners of end of test
2023-08-03 17:30:18,129 INFO o.a.j.g.u.JMeterMenuBar: setRunning(false, *local*)
